Copyright 1986-2019 Xilinx, Inc. All Rights Reserved.
----------------------------------------------------------------------------------------------------
| Tool Version : Vivado v.2019.2 (win64) Build 2708876 Wed Nov  6 21:40:23 MST 2019
| Date         : Wed Jul  1 15:41:52 2026
| Host         : skyswerly running 64-bit major release  (build 9200)
| Command      : report_control_sets -verbose -file multi_cycle_cpu_display_control_sets_placed.rpt
| Design       : multi_cycle_cpu_display
| Device       : xc7a200t
----------------------------------------------------------------------------------------------------

Control Set Information

Table of Contents
-----------------
1. Summary
2. Histogram
3. Flip-Flop Distribution
4. Detailed Control Set Information

1. Summary
----------

+----------------------------------------------------------+-------+
|                          Status                          | Count |
+----------------------------------------------------------+-------+
| Total control sets                                       |    69 |
|    Minimum number of control sets                        |    69 |
|    Addition due to synthesis replication                 |     0 |
|    Addition due to physical synthesis replication        |     0 |
| Unused register locations in slices containing registers |   109 |
+----------------------------------------------------------+-------+
* Control sets can be merged at opt_design using control_set_merge or merge_equivalent_drivers
** Run report_qor_suggestions for automated merging and remapping suggestions


2. Histogram
------------

+--------------------+-------+
|       Fanout       | Count |
+--------------------+-------+
| Total control sets |    69 |
| >= 0 to < 4        |     1 |
| >= 4 to < 6        |     6 |
| >= 6 to < 8        |     2 |
| >= 8 to < 10       |     6 |
| >= 10 to < 12      |     3 |
| >= 12 to < 14      |     1 |
| >= 14 to < 16      |     1 |
| >= 16              |    49 |
+--------------------+-------+
* Control sets can be remapped at either synth_design or opt_design


3. Flip-Flop Distribution
-------------------------

+--------------+-----------------------+------------------------+-----------------+--------------+
| Clock Enable | Synchronous Set/Reset | Asynchronous Set/Reset | Total Registers | Total Slices |
+--------------+-----------------------+------------------------+-----------------+--------------+
| No           | No                    | No                     |             177 |           86 |
| No           | No                    | Yes                    |               0 |            0 |
| No           | Yes                   | No                     |             158 |           60 |
| Yes          | No                    | No                     |              18 |            6 |
| Yes          | No                    | Yes                    |               0 |            0 |
| Yes          | Yes                   | No                     |            1554 |          705 |
+--------------+-----------------------+------------------------+-----------------+--------------+


4. Detailed Control Set Information
-----------------------------------

+------------------------+-------------------------------------------------------+-------------------------------------------------------+------------------+----------------+
|      Clock Signal      |                     Enable Signal                     |                    Set/Reset Signal                   | Slice Load Count | Bel Load Count |
+------------------------+-------------------------------------------------------+-------------------------------------------------------+------------------+----------------+
|  lcd_module/clk_2_BUFG |                                                       | lcd_module/lcd_draw_module/draw_block_number1         |                1 |              1 |
|  lcd_module/clk_2_BUFG | lcd_module/lcd_draw_module/set_xy_valid_reg_n_0       | lcd_module/lcd_draw_module/draw_block_number1         |                1 |              4 |
|  clk_IBUF_BUFG         | lcd_module/touch_module/input_value[3]_i_1_n_0        | lcd_module/touch_module/input_value[31]_i_1_n_0       |                2 |              4 |
|  lcd_module/clk_2_BUFG |                                                       | lcd_module/lcd_draw_module/display_count_y[4]_i_1_n_0 |                2 |              5 |
|  lcd_module/clk_2_BUFG | lcd_module/lcd_draw_module/draw_wr_valid0             | lcd_module/lcd_draw_module/draw_data[4]_i_1_n_0       |                2 |              5 |
|  lcd_module/clk_2_BUFG | lcd_module/lcd_init_module/display_x_h[4]_i_1_n_0     | lcd_module/lcd_init_module/init_display_begin0        |                2 |              5 |
|  lcd_module/clk_2_BUFG | lcd_module/lcd_init_module/init_display_begin_reg_n_0 | lcd_module/lcd_init_module/init_display_begin0        |                5 |              5 |
|  lcd_module/clk_2_BUFG | lcd_module/lcd_draw_module/draw_block_end             | lcd_module/lcd_draw_module/draw_block_number0         |                3 |              6 |
|  clk_IBUF_BUFG         |                                                       | lcd_module/touch_module/clk_count0                    |                1 |              6 |
|  lcd_module/clk_2_BUFG | lcd_module/lcd_draw_module/display_count_x[7]_i_2_n_0 | lcd_module/lcd_draw_module/display_count_x[7]_i_1_n_0 |                3 |              8 |
|  clk_IBUF_BUFG         | lcd_module/touch_module/send_byte[0]_i_1_n_0          |                                                       |                2 |              8 |
|  cpu_clk               | cpu/data_ram_module/p_0_in[0]                         | cpu/data_ram_module/clearing3_out                     |                3 |              8 |
|  lcd_module/clk_2_BUFG | lcd_module/lcd_draw_module/td_count_x[8]_i_2_n_0      | lcd_module/lcd_draw_module/td_count_x[8]_i_1_n_0      |                4 |              9 |
|  lcd_module/clk_2_BUFG |                                                       | lcd_module/lcd_draw_module/td_count_y0                |                4 |              9 |
|  cpu_clk               |                                                       | cpu/IF_module/pc_reg[8]_1                             |                3 |              9 |
|  lcd_module/clk_2_BUFG | lcd_module/lcd_draw_module/draw_wr_valid0             |                                                       |                4 |             10 |
|  lcd_module/clk_2_BUFG | lcd_module/lcd_init_module/display_y0                 | lcd_module/lcd_init_module/init_display_begin0        |                4 |             10 |
|  lcd_module/clk_2_BUFG | lcd_module/lcd_init_module/sel                        | lcd_module/lcd_init_module/init_rom_pc0               |                3 |             11 |
|  cpu_clk               |                                                       | cpu/rf_module/SR[0]                                   |                5 |             13 |
|  cpu_clk               |                                                       | cpu/IF_module/pc_reg[9]_0                             |                4 |             14 |
|  lcd_module/clk_2_BUFG |                                                       |                                                       |               10 |             18 |
|  clk_IBUF_BUFG         |                                                       | display_valid0                                        |               10 |             21 |
|  clk_IBUF_BUFG         |                                                       | lcd_module/touch_module/rst_count0                    |                6 |             22 |
|  clk_IBUF_BUFG         |                                                       | lcd_module/touch_module/int_o_en_reg_0                |               12 |             26 |
|  clk_IBUF_BUFG         | lcd_module/touch_module/input_value[31]_i_2_n_0       | lcd_module/touch_module/input_value[31]_i_1_n_0       |                5 |             28 |
|  cpu_clk               | cpu/IF_module/next_fetch                              | cpu/rf_module/SR[0]                                   |               12 |             30 |
|  cpu_clk               | cpu/rf_module/p_0_in1_in                              | cpu/rf_module/SR[0]                                   |               22 |             32 |
|  clk_IBUF_BUFG         | lcd_module/touch_module/input_valid_OBUF              | cpu/rf_module/SR[0]                                   |                6 |             32 |
|  cpu_clk               | cpu/rf_module/rf_write_loop[3].rf[3][31]_i_1_n_0      | cpu/rf_module/SR[0]                                   |               15 |             32 |
|  cpu_clk               |                                                       | cpu/data_ram_module/douta[31]_i_1__0_n_0              |               12 |             32 |
|  cpu_clk               | cpu/rf_module/rf_write_loop[5].rf[5][31]_i_1_n_0      | cpu/rf_module/SR[0]                                   |               20 |             32 |
|  cpu_clk               | cpu/rf_module/rf_write_loop[1].rf[1][31]_i_1_n_0      | cpu/rf_module/SR[0]                                   |               15 |             32 |
|  cpu_clk               | cpu/rf_module/rf_write_loop[30].rf[30][31]_i_1_n_0    | cpu/rf_module/SR[0]                                   |               24 |             32 |
|  cpu_clk               | cpu/rf_module/rf_write_loop[28].rf[28][31]_i_1_n_0    | cpu/rf_module/SR[0]                                   |               21 |             32 |
|  cpu_clk               | cpu/rf_module/rf_write_loop[4].rf[4][31]_i_1_n_0      | cpu/rf_module/SR[0]                                   |               18 |             32 |
|  cpu_clk               | cpu/rf_module/rf_write_loop[11].rf[11][31]_i_1_n_0    | cpu/rf_module/SR[0]                                   |               11 |             32 |
|  cpu_clk               | cpu/rf_module/rf_write_loop[13].rf[13][31]_i_1_n_0    | cpu/rf_module/SR[0]                                   |               16 |             32 |
|  cpu_clk               | cpu/rf_module/rf_write_loop[17].rf[17][31]_i_1_n_0    | cpu/rf_module/SR[0]                                   |               16 |             32 |
|  cpu_clk               | cpu/rf_module/rf_write_loop[23].rf[23][31]_i_1_n_0    | cpu/rf_module/SR[0]                                   |               13 |             32 |
|  cpu_clk               | cpu/rf_module/rf_write_loop[16].rf[16][31]_i_1_n_0    | cpu/rf_module/SR[0]                                   |               14 |             32 |
|  cpu_clk               | cpu/rf_module/rf_write_loop[22].rf[22][31]_i_1_n_0    | cpu/rf_module/SR[0]                                   |               12 |             32 |
|  cpu_clk               | cpu/rf_module/rf_write_loop[26].rf[26][31]_i_1_n_0    | cpu/rf_module/SR[0]                                   |               13 |             32 |
|  cpu_clk               | cpu/rf_module/rf_write_loop[12].rf[12][31]_i_1_n_0    | cpu/rf_module/SR[0]                                   |               13 |             32 |
|  cpu_clk               | cpu/rf_module/rf_write_loop[24].rf[24][31]_i_1_n_0    | cpu/rf_module/SR[0]                                   |               13 |             32 |
|  cpu_clk               | cpu/rf_module/rf_write_loop[21].rf[21][31]_i_1_n_0    | cpu/rf_module/SR[0]                                   |               18 |             32 |
|  cpu_clk               | cpu/rf_module/rf_write_loop[8].rf[8][31]_i_1_n_0      | cpu/rf_module/SR[0]                                   |               27 |             32 |
|  cpu_clk               | cpu/rf_module/rf_write_loop[15].rf[15][31]_i_1_n_0    | cpu/rf_module/SR[0]                                   |               12 |             32 |
|  cpu_clk               | cpu/rf_module/rf_write_loop[7].rf[7][31]_i_1_n_0      | cpu/rf_module/SR[0]                                   |               21 |             32 |
|  cpu_clk               | cpu/rf_module/rf_write_loop[29].rf[29][31]_i_1_n_0    | cpu/rf_module/SR[0]                                   |               21 |             32 |
|  cpu_clk               | cpu/rf_module/rf_write_loop[25].rf[25][31]_i_1_n_0    | cpu/rf_module/SR[0]                                   |               12 |             32 |
|  cpu_clk               | cpu/rf_module/rf_write_loop[6].rf[6][31]_i_1_n_0      | cpu/rf_module/SR[0]                                   |               23 |             32 |
|  cpu_clk               | cpu/rf_module/rf_write_loop[10].rf[10][31]_i_1_n_0    | cpu/rf_module/SR[0]                                   |               16 |             32 |
|  cpu_clk               | cpu/rf_module/rf_write_loop[27].rf[27][31]_i_1_n_0    | cpu/rf_module/SR[0]                                   |               17 |             32 |
|  cpu_clk               | cpu/rf_module/rf_write_loop[9].rf[9][31]_i_1_n_0      | cpu/rf_module/SR[0]                                   |               20 |             32 |
|  cpu_clk               | cpu/rf_module/rf_write_loop[18].rf[18][31]_i_1_n_0    | cpu/rf_module/SR[0]                                   |               15 |             32 |
|  cpu_clk               | cpu/rf_module/rf_write_loop[14].rf[14][31]_i_1_n_0    | cpu/rf_module/SR[0]                                   |               16 |             32 |
|  cpu_clk               | cpu/rf_module/rf_write_loop[19].rf[19][31]_i_1_n_0    | cpu/rf_module/SR[0]                                   |               14 |             32 |
|  cpu_clk               | cpu/rf_module/rf_write_loop[20].rf[20][31]_i_1_n_0    | cpu/rf_module/SR[0]                                   |               17 |             32 |
|  cpu_clk               | cpu/rf_module/rf_write_loop[2].rf[2][31]_i_1_n_0      | cpu/rf_module/SR[0]                                   |               17 |             32 |
|  cpu_clk               |                                                       |                                                       |               15 |             40 |
|  cpu_clk               | cpu/MEM_module/E[0]                                   | cpu/rf_module/SR[0]                                   |               29 |             70 |
|  cpu_clk               | cpu/IF_module/IF_over                                 | cpu/rf_module/SR[0]                                   |               15 |             71 |
|  cpu_clk               | cpu/data_ram_module/mem_reg_r1_0_63_0_2_i_4_n_0       |                                                       |               22 |             88 |
|  cpu_clk               | cpu/data_ram_module/mem_reg_r1_64_127_0_2_i_1_n_0     |                                                       |               22 |             88 |
|  cpu_clk               | cpu/data_ram_module/mem_reg_r1_192_255_0_2_i_1_n_0    |                                                       |               22 |             88 |
|  cpu_clk               | cpu/data_ram_module/mem_reg_r1_128_191_0_2_i_1_n_0    |                                                       |               22 |             88 |
|  cpu_clk               | cpu/EXE_valid                                         | cpu/rf_module/SR[0]                                   |               47 |            106 |
|  clk_IBUF_BUFG         |                                                       |                                                       |               61 |            119 |
|  cpu_clk               | cpu/ID_valid                                          | cpu/rf_module/SR[0]                                   |               37 |            150 |
+------------------------+-------------------------------------------------------+-------------------------------------------------------+------------------+----------------+


