Copyright 1986-2019 Xilinx, Inc. All Rights Reserved.
----------------------------------------------------------------------------------------------------------------------------------------------------------------------------------
| Tool Version     : Vivado v.2019.2 (win64) Build 2708876 Wed Nov  6 21:40:23 MST 2019
| Date             : Thu Jul  2 15:45:05 2026
| Host             : skyswerly running 64-bit major release  (build 9200)
| Command          : report_power -file pipeline_cpu_display_power_routed.rpt -pb pipeline_cpu_display_power_summary_routed.pb -rpx pipeline_cpu_display_power_routed.rpx
| Design           : pipeline_cpu_display
| Device           : xc7a200tfbg676-2
| Design State     : routed
| Grade            : commercial
| Process          : typical
| Characterization : Production
----------------------------------------------------------------------------------------------------------------------------------------------------------------------------------

Power Report

Table of Contents
-----------------
1. Summary
1.1 On-Chip Components
1.2 Power Supply Summary
1.3 Confidence Level
2. Settings
2.1 Environment
2.2 Clock Constraints
3. Detailed Reports
3.1 By Hierarchy

1. Summary
----------

+--------------------------+-----------------------------------+
| Total On-Chip Power (W)  | 289.780 (Junction temp exceeded!) |
| Design Power Budget (W)  | Unspecified*                      |
| Power Budget Margin (W)  | NA                                |
| Dynamic (W)              | 288.097                           |
| Device Static (W)        | 1.682                             |
| Effective TJA (C/W)      | 1.9                               |
| Max Ambient (C)          | 0.0                               |
| Junction Temperature (C) | 125.0                             |
| Confidence Level         | Low                               |
| Setting File             | ---                               |
| Simulation Activity File | ---                               |
| Design Nets Matched      | NA                                |
+--------------------------+-----------------------------------+
* Specify Design Power Budget using, set_operating_conditions -design_power_budget <value in Watts>


1.1 On-Chip Components
----------------------

+----------------+-----------+----------+-----------+-----------------+
| On-Chip        | Power (W) | Used     | Available | Utilization (%) |
+----------------+-----------+----------+-----------+-----------------+
| Slice Logic    |   101.112 |    46098 |       --- |             --- |
|   LUT as Logic |    97.325 |    28729 |    133800 |           21.47 |
|   Register     |     2.088 |    10825 |    267600 |            4.05 |
|   F7/F8 Muxes  |     1.211 |     3750 |    133800 |            2.80 |
|   CARRY4       |     0.434 |       90 |     33450 |            0.27 |
|   BUFG         |     0.058 |        3 |        32 |            9.38 |
|   Others       |     0.000 |       31 |       --- |             --- |
| Signals        |   142.520 |    29667 |       --- |             --- |
| Block RAM      |     0.129 |        1 |       365 |            0.27 |
| I/O            |    44.331 |       29 |       400 |            7.25 |
| Static Power   |     1.682 |          |           |                 |
| Total          |   289.774 |          |           |                 |
+----------------+-----------+----------+-----------+-----------------+


1.2 Power Supply Summary
------------------------

+-----------+-------------+-----------+-------------+------------+
| Source    | Voltage (V) | Total (A) | Dynamic (A) | Static (A) |
+-----------+-------------+-----------+-------------+------------+
| Vccint    |       1.000 |   244.975 |     243.764 |      1.211 |
| Vccaux    |       1.800 |     1.830 |       1.624 |      0.206 |
| Vcco33    |       3.300 |    12.550 |      12.545 |      0.005 |
| Vcco25    |       2.500 |     0.000 |       0.000 |      0.000 |
| Vcco18    |       1.800 |     0.000 |       0.000 |      0.000 |
| Vcco15    |       1.500 |     0.000 |       0.000 |      0.000 |
| Vcco135   |       1.350 |     0.000 |       0.000 |      0.000 |
| Vcco12    |       1.200 |     0.000 |       0.000 |      0.000 |
| Vccaux_io |       1.800 |     0.000 |       0.000 |      0.000 |
| Vccbram   |       1.000 |     0.059 |       0.010 |      0.049 |
| MGTAVcc   |       1.000 |     0.000 |       0.000 |      0.000 |
| MGTAVtt   |       1.200 |     0.000 |       0.000 |      0.000 |
| Vccadc    |       1.800 |     0.020 |       0.000 |      0.020 |
+-----------+-------------+-----------+-------------+------------+


1.3 Confidence Level
--------------------

+-----------------------------+------------+--------------------------------------------------------+--------------------------------------------------------------------------------------------------------------------+
| User Input Data             | Confidence | Details                                                | Action                                                                                                             |
+-----------------------------+------------+--------------------------------------------------------+--------------------------------------------------------------------------------------------------------------------+
| Design implementation state | High       | Design is routed                                       |                                                                                                                    |
| Clock nodes activity        | Low        | User specified less than 75% of clocks                 | Provide missing clock activity with a constraint file, simulation results or by editing the "By Clock Domain" view |
| I/O nodes activity          | Low        | More than 75% of inputs are missing user specification | Provide missing input activity with simulation results or by editing the "By Resource Type -> I/Os" view           |
| Internal nodes activity     | Medium     | User specified less than 25% of internal nodes         | Provide missing internal nodes activity with simulation results or by editing the "By Resource Type" views         |
| Device models               | High       | Device models are Production                           |                                                                                                                    |
|                             |            |                                                        |                                                                                                                    |
| Overall confidence level    | Low        |                                                        |                                                                                                                    |
+-----------------------------+------------+--------------------------------------------------------+--------------------------------------------------------------------------------------------------------------------+


2. Settings
-----------

2.1 Environment
---------------

+-----------------------+--------------------------+
| Ambient Temp (C)      | 25.0                     |
| ThetaJA (C/W)         | 1.9                      |
| Airflow (LFM)         | 250                      |
| Heat Sink             | medium (Medium Profile)  |
| ThetaSA (C/W)         | 3.4                      |
| Board Selection       | medium (10"x10")         |
| # of Board Layers     | 12to15 (12 to 15 Layers) |
| Board Temperature (C) | 25.0                     |
+-----------------------+--------------------------+


2.2 Clock Constraints
---------------------

+-------+--------+-----------------+
| Clock | Domain | Constraint (ns) |
+-------+--------+-----------------+


3. Detailed Reports
-------------------

3.1 By Hierarchy
----------------

+-----------------------+-----------+
| Name                  | Power (W) |
+-----------------------+-----------+
| pipeline_cpu_display  |   288.092 |
|   cpu                 |   240.188 |
|     EXE_module        |     2.252 |
|       multiply_module |     2.252 |
|     IF_module         |     1.567 |
|     MEM_module        |     0.031 |
|     WB_module         |     1.312 |
|     data_ram_module   |   218.896 |
|     inst_rom_module   |     0.239 |
|     rf_module         |     3.867 |
|   lcd_module          |    46.856 |
|     lcd_draw_module   |     0.585 |
|     lcd_init_module   |     0.612 |
|     lcd_rom_module    |     0.361 |
|       U0              |     0.361 |
|     touch_module      |     0.271 |
|       sda_io          |     0.036 |
+-----------------------+-----------+


