
*** Running vivado
    with args -log pipeline_cpu_display.vds -m64 -product Vivado -mode batch -messageDb vivado.pb -notrace -source pipeline_cpu_display.tcl


****** Vivado v2019.2 (64-bit)
  **** SW Build 2708876 on Wed Nov  6 21:40:23 MST 2019
  **** IP Build 2700528 on Thu Nov  7 00:09:20 MST 2019
    ** Copyright 1986-2019 Xilinx, Inc. All Rights Reserved.

source pipeline_cpu_display.tcl -notrace
Command: synth_design -top pipeline_cpu_display -part xc7a200tfbg676-2
Starting synth_design
Attempting to get a license for feature 'Synthesis' and/or device 'xc7a200t'
INFO: [Common 17-349] Got license for feature 'Synthesis' and/or device 'xc7a200t'
INFO: [Device 21-403] Loading part xc7a200tfbg676-2
INFO: Launching helper process for spawning children vivado processes
INFO: Helper process launched with PID 22256 
WARNING: [Synth 8-6901] identifier 'multiplier' is used before its declaration [E:/vivado/vivado-project/source_code/8_pipeline_cpu/multiply.v:19]
---------------------------------------------------------------------------------
Starting RTL Elaboration : Time (s): cpu = 00:00:02 ; elapsed = 00:00:02 . Memory (MB): peak = 893.285 ; gain = 237.879
---------------------------------------------------------------------------------
INFO: [Synth 8-6157] synthesizing module 'pipeline_cpu_display' [E:/vivado/vivado-project/source_code/8_pipeline_cpu/pipeline_cpu_display.v:8]
INFO: [Synth 8-6157] synthesizing module 'BUFGCE' [E:/vivado/Xilinx/Vivado/2019.2/scripts/rt/data/unisim_comp.v:1085]
	Parameter CE_TYPE bound to: SYNC - type: string 
	Parameter IS_CE_INVERTED bound to: 1'b0 
	Parameter IS_I_INVERTED bound to: 1'b0 
	Parameter SIM_DEVICE bound to: ULTRASCALE - type: string 
	Parameter STARTUP_SYNC bound to: FALSE - type: string 
INFO: [Synth 8-6155] done synthesizing module 'BUFGCE' (1#1) [E:/vivado/Xilinx/Vivado/2019.2/scripts/rt/data/unisim_comp.v:1085]
INFO: [Synth 8-6157] synthesizing module 'pipeline_cpu' [E:/vivado/vivado-project/source_code/8_pipeline_cpu/pipeline_cpu.v:9]
INFO: [Synth 8-6157] synthesizing module 'fetch' [E:/vivado/vivado-project/source_code/8_pipeline_cpu/fetch.v:9]
INFO: [Synth 8-6155] done synthesizing module 'fetch' (2#1) [E:/vivado/vivado-project/source_code/8_pipeline_cpu/fetch.v:9]
INFO: [Synth 8-6157] synthesizing module 'decode' [E:/vivado/vivado-project/source_code/8_pipeline_cpu/decode.v:8]
INFO: [Synth 8-6155] done synthesizing module 'decode' (3#1) [E:/vivado/vivado-project/source_code/8_pipeline_cpu/decode.v:8]
INFO: [Synth 8-6157] synthesizing module 'exe' [E:/vivado/vivado-project/source_code/8_pipeline_cpu/exe.v:8]
INFO: [Synth 8-6157] synthesizing module 'alu' [E:/vivado/vivado-project/source_code/8_pipeline_cpu/alu.v:8]
INFO: [Synth 8-6157] synthesizing module 'adder' [E:/vivado/vivado-project/source_code/8_pipeline_cpu/adder.v:8]
INFO: [Synth 8-6155] done synthesizing module 'adder' (4#1) [E:/vivado/vivado-project/source_code/8_pipeline_cpu/adder.v:8]
INFO: [Synth 8-6155] done synthesizing module 'alu' (5#1) [E:/vivado/vivado-project/source_code/8_pipeline_cpu/alu.v:8]
INFO: [Synth 8-6157] synthesizing module 'multiply' [E:/vivado/vivado-project/source_code/8_pipeline_cpu/multiply.v:8]
INFO: [Synth 8-6155] done synthesizing module 'multiply' (6#1) [E:/vivado/vivado-project/source_code/8_pipeline_cpu/multiply.v:8]
INFO: [Synth 8-6155] done synthesizing module 'exe' (7#1) [E:/vivado/vivado-project/source_code/8_pipeline_cpu/exe.v:8]
INFO: [Synth 8-6157] synthesizing module 'mem' [E:/vivado/vivado-project/source_code/8_pipeline_cpu/mem.v:8]
INFO: [Synth 8-226] default block is never used [E:/vivado/vivado-project/source_code/8_pipeline_cpu/mem.v:89]
INFO: [Synth 8-226] default block is never used [E:/vivado/vivado-project/source_code/8_pipeline_cpu/mem.v:107]
INFO: [Synth 8-6155] done synthesizing module 'mem' (8#1) [E:/vivado/vivado-project/source_code/8_pipeline_cpu/mem.v:8]
INFO: [Synth 8-6157] synthesizing module 'wb' [E:/vivado/vivado-project/source_code/8_pipeline_cpu/wb.v:10]
INFO: [Synth 8-6155] done synthesizing module 'wb' (9#1) [E:/vivado/vivado-project/source_code/8_pipeline_cpu/wb.v:10]
INFO: [Synth 8-6157] synthesizing module 'inst_rom' [E:/vivado/vivado-project/source_code/7_multi_cycle_cpu/妗桄7_嗣笚ぶCPU_埭恅璃/inst_rom_sync.v:3]
INFO: [Synth 8-6155] done synthesizing module 'inst_rom' (10#1) [E:/vivado/vivado-project/source_code/7_multi_cycle_cpu/妗桄7_嗣笚ぶCPU_埭恅璃/inst_rom_sync.v:3]
INFO: [Synth 8-6157] synthesizing module 'regfile' [E:/vivado/vivado-project/source_code/8_pipeline_cpu/regfile.v:8]
WARNING: [Synth 8-6014] Unused sequential element rf_reg[0] was removed.  [E:/vivado/vivado-project/source_code/8_pipeline_cpu/regfile.v:31]
INFO: [Synth 8-6155] done synthesizing module 'regfile' (11#1) [E:/vivado/vivado-project/source_code/8_pipeline_cpu/regfile.v:8]
INFO: [Synth 8-6157] synthesizing module 'data_ram_sync' [E:/vivado/vivado-project/source_code/7_multi_cycle_cpu/妗桄7_嗣笚ぶCPU_埭恅璃/data_ram_sync.v:4]
WARNING: [Synth 8-6014] Unused sequential element resetn_r_reg was removed.  [E:/vivado/vivado-project/source_code/7_multi_cycle_cpu/妗桄7_嗣笚ぶCPU_埭恅璃/data_ram_sync.v:29]
WARNING: [Synth 8-4767] Trying to implement RAM 'mem_reg' in registers. Block RAM or DRAM implementation is not possible; see log for reasons.
Reason is one or more of the following :
	1: RAM has multiple writes via different ports in same process. If RAM inferencing intended, write to one port per process. 
	2: Unable to determine number of words or word size in RAM. 
	3: No valid read/write found for RAM. 
RAM "mem_reg" dissolved into registers
INFO: [Synth 8-6155] done synthesizing module 'data_ram_sync' (12#1) [E:/vivado/vivado-project/source_code/7_multi_cycle_cpu/妗桄7_嗣笚ぶCPU_埭恅璃/data_ram_sync.v:4]
INFO: [Synth 8-6155] done synthesizing module 'pipeline_cpu' (13#1) [E:/vivado/vivado-project/source_code/8_pipeline_cpu/pipeline_cpu.v:9]
INFO: [Synth 8-6157] synthesizing module 'lcd_module' [E:/vivado/vivado-project/pro8/pro8.runs/synth_1/.Xil/Vivado-28064-skyswerly/realtime/lcd_module_stub.v:6]
INFO: [Synth 8-6155] done synthesizing module 'lcd_module' (14#1) [E:/vivado/vivado-project/pro8/pro8.runs/synth_1/.Xil/Vivado-28064-skyswerly/realtime/lcd_module_stub.v:6]
INFO: [Synth 8-6155] done synthesizing module 'pipeline_cpu_display' (15#1) [E:/vivado/vivado-project/source_code/8_pipeline_cpu/pipeline_cpu_display.v:8]
WARNING: [Synth 8-3331] design pipeline_cpu has unconnected port mem_addr[31]
WARNING: [Synth 8-3331] design pipeline_cpu has unconnected port mem_addr[30]
WARNING: [Synth 8-3331] design pipeline_cpu has unconnected port mem_addr[29]
WARNING: [Synth 8-3331] design pipeline_cpu has unconnected port mem_addr[28]
WARNING: [Synth 8-3331] design pipeline_cpu has unconnected port mem_addr[27]
WARNING: [Synth 8-3331] design pipeline_cpu has unconnected port mem_addr[26]
WARNING: [Synth 8-3331] design pipeline_cpu has unconnected port mem_addr[25]
WARNING: [Synth 8-3331] design pipeline_cpu has unconnected port mem_addr[24]
WARNING: [Synth 8-3331] design pipeline_cpu has unconnected port mem_addr[23]
WARNING: [Synth 8-3331] design pipeline_cpu has unconnected port mem_addr[22]
WARNING: [Synth 8-3331] design pipeline_cpu has unconnected port mem_addr[21]
WARNING: [Synth 8-3331] design pipeline_cpu has unconnected port mem_addr[20]
WARNING: [Synth 8-3331] design pipeline_cpu has unconnected port mem_addr[19]
WARNING: [Synth 8-3331] design pipeline_cpu has unconnected port mem_addr[18]
WARNING: [Synth 8-3331] design pipeline_cpu has unconnected port mem_addr[17]
WARNING: [Synth 8-3331] design pipeline_cpu has unconnected port mem_addr[16]
WARNING: [Synth 8-3331] design pipeline_cpu has unconnected port mem_addr[15]
WARNING: [Synth 8-3331] design pipeline_cpu has unconnected port mem_addr[14]
WARNING: [Synth 8-3331] design pipeline_cpu has unconnected port mem_addr[13]
WARNING: [Synth 8-3331] design pipeline_cpu has unconnected port mem_addr[12]
WARNING: [Synth 8-3331] design pipeline_cpu has unconnected port mem_addr[11]
WARNING: [Synth 8-3331] design pipeline_cpu has unconnected port mem_addr[10]
WARNING: [Synth 8-3331] design pipeline_cpu has unconnected port mem_addr[1]
WARNING: [Synth 8-3331] design pipeline_cpu has unconnected port mem_addr[0]
---------------------------------------------------------------------------------
Finished RTL Elaboration : Time (s): cpu = 00:00:03 ; elapsed = 00:00:03 . Memory (MB): peak = 1003.492 ; gain = 348.086
---------------------------------------------------------------------------------

Report Check Netlist: 
+------+------------------+-------+---------+-------+------------------+
|      |Item              |Errors |Warnings |Status |Description       |
+------+------------------+-------+---------+-------+------------------+
|1     |multi_driven_nets |      0|        0|Passed |Multi driven nets |
+------+------------------+-------+---------+-------+------------------+
---------------------------------------------------------------------------------
Start Handling Custom Attributes
---------------------------------------------------------------------------------
---------------------------------------------------------------------------------
Finished Handling Custom Attributes : Time (s): cpu = 00:00:03 ; elapsed = 00:00:04 . Memory (MB): peak = 1003.492 ; gain = 348.086
---------------------------------------------------------------------------------
---------------------------------------------------------------------------------
Finished RTL Optimization Phase 1 : Time (s): cpu = 00:00:03 ; elapsed = 00:00:04 . Memory (MB): peak = 1003.492 ; gain = 348.086
---------------------------------------------------------------------------------
Netlist sorting complete. Time (s): cpu = 00:00:00 ; elapsed = 00:00:00.140 . Memory (MB): peak = 1003.492 ; gain = 0.000
WARNING: [Netlist 29-345] The value of SIM_DEVICE on instance 'cpu_clk_cg' of type 'BUFGCE' is 'ULTRASCALE'; it is being changed to match the current FPGA architecture, '7SERIES'. For functional simulation to match hardware behavior, the value of SIM_DEVICE should be changed in the source netlist. 
INFO: [Netlist 29-17] Analyzing 1 Unisim elements for replacement
WARNING: [Netlist 29-345] The value of SIM_DEVICE on instance 'cpu_clk_cg' of type 'BUFGCTRL' is 'ULTRASCALE'; it is being changed to match the current FPGA architecture, '7SERIES'. For functional simulation to match hardware behavior, the value of SIM_DEVICE should be changed in the source netlist. 
INFO: [Netlist 29-28] Unisim Transformation completed in 0 CPU seconds
INFO: [Project 1-570] Preparing netlist for logic optimization

Processing XDC Constraints
Initializing timing engine
Parsing XDC File [E:/vivado/vivado-project/source_code/8_pipeline_cpu/pipeline_cpu.xdc]
Finished Parsing XDC File [E:/vivado/vivado-project/source_code/8_pipeline_cpu/pipeline_cpu.xdc]
INFO: [Project 1-236] Implementation specific constraints were found while reading constraint file [E:/vivado/vivado-project/source_code/8_pipeline_cpu/pipeline_cpu.xdc]. These constraints will be ignored for synthesis but will be used in implementation. Impacted constraints are listed in the file [.Xil/pipeline_cpu_display_propImpl.xdc].
Resolution: To avoid this warning, move constraints listed in [.Xil/pipeline_cpu_display_propImpl.xdc] to another XDC file and exclude this new file from synthesis with the used_in_synthesis property (File Properties dialog in GUI) and re-run elaboration/synthesis.
Completed Processing XDC Constraints

Netlist sorting complete. Time (s): cpu = 00:00:00 ; elapsed = 00:00:00.001 . Memory (MB): peak = 1186.066 ; gain = 0.000
INFO: [Project 1-111] Unisim Transformation Summary:
  A total of 1 instances were transformed.
  BUFGCE => BUFGCTRL: 1 instance 

Constraint Validation Runtime : Time (s): cpu = 00:00:00 ; elapsed = 00:00:00.026 . Memory (MB): peak = 1186.066 ; gain = 0.000
---------------------------------------------------------------------------------
Finished Constraint Validation : Time (s): cpu = 00:00:08 ; elapsed = 00:00:09 . Memory (MB): peak = 1186.066 ; gain = 530.660
---------------------------------------------------------------------------------
---------------------------------------------------------------------------------
Start Loading Part and Timing Information
---------------------------------------------------------------------------------
Loading part: xc7a200tfbg676-2
---------------------------------------------------------------------------------
Finished Loading Part and Timing Information : Time (s): cpu = 00:00:08 ; elapsed = 00:00:09 . Memory (MB): peak = 1186.066 ; gain = 530.660
---------------------------------------------------------------------------------
---------------------------------------------------------------------------------
Start Applying 'set_property' XDC Constraints
---------------------------------------------------------------------------------
---------------------------------------------------------------------------------
Finished applying 'set_property' XDC Constraints : Time (s): cpu = 00:00:08 ; elapsed = 00:00:09 . Memory (MB): peak = 1186.066 ; gain = 530.660
---------------------------------------------------------------------------------
INFO: [Synth 8-5546] ROM "mem" won't be mapped to RAM because it is too sparse
INFO: [Synth 8-5546] ROM "display_valid" won't be mapped to RAM because it is too sparse
INFO: [Synth 8-5546] ROM "display_name" won't be mapped to RAM because it is too sparse
---------------------------------------------------------------------------------
Finished RTL Optimization Phase 2 : Time (s): cpu = 00:00:20 ; elapsed = 00:00:22 . Memory (MB): peak = 1186.066 ; gain = 530.660
---------------------------------------------------------------------------------

Report RTL Partitions: 
+------+--------------------------+------------+----------+
|      |RTL Partition             |Replication |Instances |
+------+--------------------------+------------+----------+
|1     |data_ram_sync__GB0        |           1|     64360|
|2     |data_ram_sync__GB1        |           1|     18688|
|3     |data_ram_sync__GB2        |           1|     16916|
|4     |data_ram_sync__GB3        |           1|     16644|
|5     |data_ram_sync__GB4        |           1|     21876|
|6     |data_ram_sync__GB5        |           1|     34553|
|7     |data_ram_sync__GB6        |           1|     19503|
|8     |data_ram_sync__GB7        |           1|     28796|
|9     |data_ram_sync__GB8        |           1|      9181|
|10    |data_ram_sync__GB9        |           1|     25293|
|11    |data_ram_sync__GB10       |           1|     12148|
|12    |data_ram_sync__GB11       |           1|     11411|
|13    |data_ram_sync__GB12       |           1|     31986|
|14    |data_ram_sync__GB13       |           1|     27960|
|15    |pipeline_cpu__GC0         |           1|     11972|
|16    |pipeline_cpu_display__GC0 |           1|      1336|
+------+--------------------------+------------+----------+
---------------------------------------------------------------------------------
Start RTL Component Statistics 
---------------------------------------------------------------------------------
Detailed RTL Component Info : 
+---Adders : 
	   2 Input     64 Bit       Adders := 1     
	   3 Input     33 Bit       Adders := 1     
	   2 Input     32 Bit       Adders := 3     
	   2 Input     30 Bit       Adders := 2     
	   2 Input      8 Bit       Adders := 1     
	   2 Input      5 Bit       Adders := 1     
+---XORs : 
	   2 Input     32 Bit         XORs := 1     
	   2 Input      1 Bit         XORs := 2     
+---Registers : 
	              167 Bit    Registers := 1     
	              154 Bit    Registers := 1     
	              118 Bit    Registers := 1     
	               64 Bit    Registers := 2     
	               40 Bit    Registers := 1     
	               32 Bit    Registers := 297   
	                8 Bit    Registers := 1     
	                5 Bit    Registers := 1     
	                1 Bit    Registers := 14    
+---Muxes : 
	   3 Input   8192 Bit        Muxes := 1     
	   2 Input     64 Bit        Muxes := 3     
	   2 Input     40 Bit        Muxes := 1     
	   2 Input     39 Bit        Muxes := 1     
	   2 Input     32 Bit        Muxes := 324   
	   4 Input     32 Bit        Muxes := 2     
	 257 Input     32 Bit        Muxes := 1     
	   2 Input     24 Bit        Muxes := 1     
	   4 Input      8 Bit        Muxes := 1     
	   2 Input      5 Bit        Muxes := 3     
	   6 Input      4 Bit        Muxes := 1     
	   2 Input      1 Bit        Muxes := 36    
	   4 Input      1 Bit        Muxes := 1     
	  12 Input      1 Bit        Muxes := 1     
---------------------------------------------------------------------------------
Finished RTL Component Statistics 
---------------------------------------------------------------------------------
---------------------------------------------------------------------------------
Start RTL Hierarchical Component Statistics 
---------------------------------------------------------------------------------
Hierarchical RTL Component report 
Module pipeline_cpu_display 
Detailed RTL Component Info : 
+---Adders : 
	   2 Input      5 Bit       Adders := 1     
+---Registers : 
	               40 Bit    Registers := 1     
	               32 Bit    Registers := 2     
	                1 Bit    Registers := 3     
+---Muxes : 
	   2 Input     40 Bit        Muxes := 1     
	   2 Input     39 Bit        Muxes := 1     
	   2 Input     32 Bit        Muxes := 2     
	   2 Input      1 Bit        Muxes := 1     
	  12 Input      1 Bit        Muxes := 1     
Module data_ram_sync 
Detailed RTL Component Info : 
+---Adders : 
	   2 Input      8 Bit       Adders := 1     
+---Registers : 
	               32 Bit    Registers := 258   
	                8 Bit    Registers := 1     
	                1 Bit    Registers := 1     
+---Muxes : 
	   3 Input   8192 Bit        Muxes := 1     
	   2 Input     32 Bit        Muxes := 293   
	   2 Input      1 Bit        Muxes := 1     
Module fetch 
Detailed RTL Component Info : 
+---Adders : 
	   2 Input     30 Bit       Adders := 1     
+---Registers : 
	               32 Bit    Registers := 1     
	                1 Bit    Registers := 1     
+---Muxes : 
	   4 Input     32 Bit        Muxes := 1     
	   2 Input     32 Bit        Muxes := 2     
Module decode 
Detailed RTL Component Info : 
+---Adders : 
	   2 Input     32 Bit       Adders := 1     
	   2 Input     30 Bit       Adders := 1     
+---Muxes : 
	   2 Input     32 Bit        Muxes := 7     
	   2 Input      5 Bit        Muxes := 3     
Module adder 
Detailed RTL Component Info : 
+---Adders : 
	   3 Input     33 Bit       Adders := 1     
Module alu 
Detailed RTL Component Info : 
+---XORs : 
	   2 Input     32 Bit         XORs := 1     
	   2 Input      1 Bit         XORs := 1     
+---Muxes : 
	   2 Input     32 Bit        Muxes := 6     
Module multiply 
Detailed RTL Component Info : 
+---Adders : 
	   2 Input     64 Bit       Adders := 1     
	   2 Input     32 Bit       Adders := 2     
+---XORs : 
	   2 Input      1 Bit         XORs := 1     
+---Registers : 
	               64 Bit    Registers := 1     
	               32 Bit    Registers := 1     
	                1 Bit    Registers := 2     
+---Muxes : 
	   2 Input     64 Bit        Muxes := 3     
	   2 Input     32 Bit        Muxes := 3     
	   2 Input      1 Bit        Muxes := 1     
Module exe 
Detailed RTL Component Info : 
+---Muxes : 
	   2 Input     32 Bit        Muxes := 4     
Module mem 
Detailed RTL Component Info : 
+---Registers : 
	                1 Bit    Registers := 1     
+---Muxes : 
	   4 Input     32 Bit        Muxes := 1     
	   2 Input     32 Bit        Muxes := 1     
	   2 Input     24 Bit        Muxes := 1     
	   4 Input      8 Bit        Muxes := 1     
	   6 Input      4 Bit        Muxes := 1     
	   2 Input      1 Bit        Muxes := 1     
	   4 Input      1 Bit        Muxes := 1     
Module wb 
Detailed RTL Component Info : 
+---Registers : 
	               32 Bit    Registers := 3     
	                5 Bit    Registers := 1     
	                1 Bit    Registers := 1     
+---Muxes : 
	   2 Input     32 Bit        Muxes := 6     
	   2 Input      1 Bit        Muxes := 1     
Module inst_rom 
Detailed RTL Component Info : 
+---Registers : 
	               32 Bit    Registers := 1     
+---Muxes : 
	 257 Input     32 Bit        Muxes := 1     
Module regfile 
Detailed RTL Component Info : 
+---Registers : 
	               32 Bit    Registers := 31    
+---Muxes : 
	   2 Input      1 Bit        Muxes := 31    
Module pipeline_cpu 
Detailed RTL Component Info : 
+---Registers : 
	              167 Bit    Registers := 1     
	              154 Bit    Registers := 1     
	              118 Bit    Registers := 1     
	               64 Bit    Registers := 1     
	                1 Bit    Registers := 5     
---------------------------------------------------------------------------------
Finished RTL Hierarchical Component Statistics
---------------------------------------------------------------------------------
---------------------------------------------------------------------------------
Start Part Resource Summary
---------------------------------------------------------------------------------
Part Resources:
DSPs: 740 (col length:100)
BRAMs: 730 (col length: RAMB18 100 RAMB36 50)
---------------------------------------------------------------------------------
Finished Part Resource Summary
---------------------------------------------------------------------------------
INFO: [Synth 8-5580] Multithreading enabled for synth_design using a maximum of 2 processes.
---------------------------------------------------------------------------------
Start Cross Boundary and Area Optimization
---------------------------------------------------------------------------------
INFO: [Synth 8-3886] merging instance 'i_0/display_name_reg[5]' (FDS) to 'i_0/display_name_reg[13]'
INFO: [Synth 8-3886] merging instance 'i_0/display_name_reg[6]' (FDR) to 'i_0/display_name_reg[14]'
INFO: [Synth 8-3886] merging instance 'i_0/display_name_reg[7]' (FDR) to 'i_0/display_name_reg[9]'
INFO: [Synth 8-3886] merging instance 'i_0/display_name_reg[9]' (FDR) to 'i_0/display_name_reg[15]'
INFO: [Synth 8-3886] merging instance 'i_0/display_name_reg[15]' (FDR) to 'i_0/display_name_reg[23]'
INFO: [Synth 8-3886] merging instance 'i_0/display_name_reg[21]' (FDR) to 'i_0/display_name_reg[29]'
INFO: [Synth 8-3886] merging instance 'i_0/display_name_reg[22]' (FDS) to 'i_0/display_name_reg[30]'
INFO: [Synth 8-3886] merging instance 'i_0/display_name_reg[23]' (FDR) to 'i_0/display_name_reg[31]'
INFO: [Synth 8-3886] merging instance 'i_0/display_name_reg[27]' (FDR) to 'i_0/display_name_reg[28]'
INFO: [Synth 8-3886] merging instance 'i_0/display_name_reg[29]' (FDR) to 'i_0/display_name_reg[37]'
INFO: [Synth 8-3886] merging instance 'i_0/display_name_reg[30]' (FDS) to 'i_0/display_name_reg[38]'
INFO: [Synth 8-3886] merging instance 'i_0/display_name_reg[31]' (FDR) to 'i_0/display_name_reg[39]'
INFO: [Synth 8-3886] merging instance 'i_0/display_name_reg[33]' (FDS) to 'i_0/display_name_reg[36]'
INFO: [Synth 8-3333] propagating constant 0 across sequential element (i_0/\display_name_reg[39] )
INFO: [Synth 8-3886] merging instance 'WB_module/cause_exc_code_r_reg[0]' (FDRE) to 'WB_module/cause_exc_code_r_reg[4]'
INFO: [Synth 8-3886] merging instance 'WB_module/cause_exc_code_r_reg[1]' (FDRE) to 'WB_module/cause_exc_code_r_reg[4]'
INFO: [Synth 8-3886] merging instance 'WB_module/cause_exc_code_r_reg[2]' (FDRE) to 'WB_module/cause_exc_code_r_reg[4]'
INFO: [Synth 8-3333] propagating constant 1 across sequential element (WB_module/\cause_exc_code_r_reg[3] )
INFO: [Synth 8-3333] propagating constant 0 across sequential element (WB_module/\cause_exc_code_r_reg[4] )
---------------------------------------------------------------------------------
Finished Cross Boundary and Area Optimization : Time (s): cpu = 00:00:51 ; elapsed = 00:01:07 . Memory (MB): peak = 1186.066 ; gain = 530.660
---------------------------------------------------------------------------------

Report RTL Partitions: 
+------+--------------------------+------------+----------+
|      |RTL Partition             |Replication |Instances |
+------+--------------------------+------------+----------+
|1     |data_ram_sync__GB0        |           1|     52151|
|2     |data_ram_sync__GB1        |           1|     18688|
|3     |data_ram_sync__GB2        |           1|      4085|
|4     |data_ram_sync__GB3        |           1|      3816|
|5     |data_ram_sync__GB4        |           1|      4745|
|6     |data_ram_sync__GB5        |           1|      8583|
|7     |data_ram_sync__GB6        |           1|      4407|
|8     |data_ram_sync__GB7        |           1|      5340|
|9     |data_ram_sync__GB8        |           1|      1231|
|10    |data_ram_sync__GB9        |           1|      3355|
|11    |data_ram_sync__GB10       |           1|      2256|
|12    |data_ram_sync__GB11       |           1|      3474|
|13    |data_ram_sync__GB12       |           1|      6249|
|14    |data_ram_sync__GB13       |           1|      6385|
|15    |pipeline_cpu__GC0         |           1|      9739|
|16    |pipeline_cpu_display__GC0 |           1|       818|
+------+--------------------------+------------+----------+
---------------------------------------------------------------------------------
Start Applying XDC Timing Constraints
---------------------------------------------------------------------------------
---------------------------------------------------------------------------------
Finished Applying XDC Timing Constraints : Time (s): cpu = 00:00:59 ; elapsed = 00:01:17 . Memory (MB): peak = 1186.066 ; gain = 530.660
---------------------------------------------------------------------------------
---------------------------------------------------------------------------------
Start Timing Optimization
---------------------------------------------------------------------------------
---------------------------------------------------------------------------------
Finished Timing Optimization : Time (s): cpu = 00:01:01 ; elapsed = 00:01:19 . Memory (MB): peak = 1196.684 ; gain = 541.277
---------------------------------------------------------------------------------

Report RTL Partitions: 
+------+--------------------------+------------+----------+
|      |RTL Partition             |Replication |Instances |
+------+--------------------------+------------+----------+
|1     |data_ram_sync__GB0        |           1|     27574|
|2     |data_ram_sync__GB1        |           1|     18688|
|3     |data_ram_sync__GB2        |           1|      3962|
|4     |data_ram_sync__GB3        |           1|      3435|
|5     |data_ram_sync__GB4        |           1|      4407|
|6     |data_ram_sync__GB5        |           1|      8077|
|7     |data_ram_sync__GB6        |           1|      4407|
|8     |data_ram_sync__GB7        |           1|      4616|
|9     |data_ram_sync__GB8        |           1|      1231|
|10    |data_ram_sync__GB9        |           1|      2818|
|11    |data_ram_sync__GB10       |           1|      2131|
|12    |data_ram_sync__GB11       |           1|      3473|
|13    |data_ram_sync__GB12       |           1|      5649|
|14    |data_ram_sync__GB13       |           1|      5668|
|15    |pipeline_cpu__GC0         |           1|      9739|
|16    |pipeline_cpu_display__GC0 |           1|       818|
+------+--------------------------+------------+----------+
---------------------------------------------------------------------------------
Start Technology Mapping
---------------------------------------------------------------------------------
---------------------------------------------------------------------------------
Finished Technology Mapping : Time (s): cpu = 00:01:08 ; elapsed = 00:01:30 . Memory (MB): peak = 1239.793 ; gain = 584.387
---------------------------------------------------------------------------------

Report RTL Partitions: 
+------+--------------------------+------------+----------+
|      |RTL Partition             |Replication |Instances |
+------+--------------------------+------------+----------+
|1     |data_ram_sync__GB0        |           1|      9272|
|2     |data_ram_sync__GB1        |           1|      9984|
|3     |data_ram_sync__GB2        |           1|      2333|
|4     |data_ram_sync__GB3        |           1|       823|
|5     |data_ram_sync__GB4        |           1|      1272|
|6     |data_ram_sync__GB5        |           1|      3881|
|7     |data_ram_sync__GB6        |           1|      4307|
|8     |data_ram_sync__GB7        |           1|      1698|
|9     |data_ram_sync__GB8        |           1|      1143|
|10    |data_ram_sync__GB9        |           1|      1489|
|11    |data_ram_sync__GB10       |           1|       929|
|12    |data_ram_sync__GB11       |           1|      1503|
|13    |data_ram_sync__GB12       |           1|      2024|
|14    |data_ram_sync__GB13       |           1|      1541|
|15    |pipeline_cpu__GC0         |           1|      4578|
|16    |pipeline_cpu_display__GC0 |           1|       356|
+------+--------------------------+------------+----------+
---------------------------------------------------------------------------------
Start IO Insertion
---------------------------------------------------------------------------------
---------------------------------------------------------------------------------
Start Flattening Before IO Insertion
---------------------------------------------------------------------------------
---------------------------------------------------------------------------------
Finished Flattening Before IO Insertion
---------------------------------------------------------------------------------
---------------------------------------------------------------------------------
Start Final Netlist Cleanup
---------------------------------------------------------------------------------
---------------------------------------------------------------------------------
Finished Final Netlist Cleanup
---------------------------------------------------------------------------------
WARNING: [Synth 8-5410] Found another clock driver cpu_clk_cg:O [E:/vivado/vivado-project/source_code/8_pipeline_cpu/pipeline_cpu_display.v:50]
---------------------------------------------------------------------------------
Finished IO Insertion : Time (s): cpu = 00:01:15 ; elapsed = 00:01:37 . Memory (MB): peak = 1244.730 ; gain = 589.324
---------------------------------------------------------------------------------
---------------------------------------------------------------------------------
Start Renaming Generated Instances
---------------------------------------------------------------------------------
---------------------------------------------------------------------------------
Finished Renaming Generated Instances : Time (s): cpu = 00:01:15 ; elapsed = 00:01:38 . Memory (MB): peak = 1244.730 ; gain = 589.324
---------------------------------------------------------------------------------

Report RTL Partitions: 
+-+--------------+------------+----------+
| |RTL Partition |Replication |Instances |
+-+--------------+------------+----------+
+-+--------------+------------+----------+

Report Check Netlist: 
+------+------------------+-------+---------+-------+------------------+
|      |Item              |Errors |Warnings |Status |Description       |
+------+------------------+-------+---------+-------+------------------+
|1     |multi_driven_nets |      0|        0|Passed |Multi driven nets |
+------+------------------+-------+---------+-------+------------------+
---------------------------------------------------------------------------------
Start Rebuilding User Hierarchy
---------------------------------------------------------------------------------
---------------------------------------------------------------------------------
Finished Rebuilding User Hierarchy : Time (s): cpu = 00:01:17 ; elapsed = 00:01:39 . Memory (MB): peak = 1244.730 ; gain = 589.324
---------------------------------------------------------------------------------
---------------------------------------------------------------------------------
Start Renaming Generated Ports
---------------------------------------------------------------------------------
---------------------------------------------------------------------------------
Finished Renaming Generated Ports : Time (s): cpu = 00:01:17 ; elapsed = 00:01:40 . Memory (MB): peak = 1244.730 ; gain = 589.324
---------------------------------------------------------------------------------
---------------------------------------------------------------------------------
Start Handling Custom Attributes
---------------------------------------------------------------------------------
---------------------------------------------------------------------------------
Finished Handling Custom Attributes : Time (s): cpu = 00:03:45 ; elapsed = 00:04:19 . Memory (MB): peak = 1244.730 ; gain = 589.324
---------------------------------------------------------------------------------
---------------------------------------------------------------------------------
Start Renaming Generated Nets
---------------------------------------------------------------------------------
---------------------------------------------------------------------------------
Finished Renaming Generated Nets : Time (s): cpu = 00:03:45 ; elapsed = 00:04:19 . Memory (MB): peak = 1244.730 ; gain = 589.324
---------------------------------------------------------------------------------
---------------------------------------------------------------------------------
Start Writing Synthesis Report
---------------------------------------------------------------------------------

Report BlackBoxes: 
+------+--------------+----------+
|      |BlackBox name |Instances |
+------+--------------+----------+
|1     |lcd_module    |         1|
+------+--------------+----------+

Report Cell Usage: 
+------+-----------+------+
|      |Cell       |Count |
+------+-----------+------+
|1     |lcd_module |     1|
|2     |BUFG       |     1|
|3     |BUFGCE     |     1|
|4     |CARRY4     |    84|
|5     |LUT1       |   165|
|6     |LUT2       |   223|
|7     |LUT3       |  4621|
|8     |LUT4       |  1409|
|9     |LUT5       |  7617|
|10    |LUT6       | 16669|
|11    |MUXF7      |  2622|
|12    |MUXF8      |  1120|
|13    |FDCE       |   183|
|14    |FDPE       |     1|
|15    |FDRE       | 10347|
|16    |FDSE       |    14|
|17    |IBUF       |     3|
|18    |OBUF       |     8|
+------+-----------+------+

Report Instance Areas: 
+------+----------------------+--------------+------+
|      |Instance              |Module        |Cells |
+------+----------------------+--------------+------+
|1     |top                   |              | 45135|
|2     |  cpu                 |pipeline_cpu  | 44863|
|3     |    MEM_module        |mem           |     3|
|4     |    EXE_module        |exe           |   601|
|5     |      multiply_module |multiply      |   601|
|6     |    IF_module         |fetch         |   267|
|7     |    WB_module         |wb            |   210|
|8     |    data_ram_module   |data_ram_sync | 40024|
|9     |    inst_rom_module   |inst_rom      |    96|
|10    |    rf_module         |regfile       |  2500|
+------+----------------------+--------------+------+
---------------------------------------------------------------------------------
Finished Writing Synthesis Report : Time (s): cpu = 00:03:45 ; elapsed = 00:04:19 . Memory (MB): peak = 1244.730 ; gain = 589.324
---------------------------------------------------------------------------------
Synthesis finished with 0 errors, 0 critical warnings and 1 warnings.
Synthesis Optimization Runtime : Time (s): cpu = 00:03:39 ; elapsed = 00:04:16 . Memory (MB): peak = 1244.730 ; gain = 406.750
Synthesis Optimization Complete : Time (s): cpu = 00:03:45 ; elapsed = 00:04:19 . Memory (MB): peak = 1244.730 ; gain = 589.324
INFO: [Project 1-571] Translating synthesized netlist
Netlist sorting complete. Time (s): cpu = 00:00:00 ; elapsed = 00:00:00.206 . Memory (MB): peak = 1244.730 ; gain = 0.000
WARNING: [Netlist 29-345] The value of SIM_DEVICE on instance 'cpu_clk_cg' of type 'BUFGCE' is 'ULTRASCALE'; it is being changed to match the current FPGA architecture, '7SERIES'. For functional simulation to match hardware behavior, the value of SIM_DEVICE should be changed in the source netlist. 
INFO: [Netlist 29-17] Analyzing 3827 Unisim elements for replacement
WARNING: [Netlist 29-345] The value of SIM_DEVICE on instance 'cpu_clk_cg' of type 'BUFGCTRL' is 'ULTRASCALE'; it is being changed to match the current FPGA architecture, '7SERIES'. For functional simulation to match hardware behavior, the value of SIM_DEVICE should be changed in the source netlist. 
INFO: [Netlist 29-28] Unisim Transformation completed in 0 CPU seconds
WARNING: [Netlist 29-101] Netlist 'pipeline_cpu_display' is not ideal for floorplanning, since the cellview 'data_ram_sync' contains a large number of primitives.  Please consider enabling hierarchy in synthesis if you want to do floorplanning.
INFO: [Project 1-570] Preparing netlist for logic optimization
INFO: [Opt 31-138] Pushed 0 inverter(s) to 0 load pin(s).
Netlist sorting complete. Time (s): cpu = 00:00:00 ; elapsed = 00:00:00.004 . Memory (MB): peak = 1248.082 ; gain = 0.000
INFO: [Project 1-111] Unisim Transformation Summary:
  A total of 1 instances were transformed.
  BUFGCE => BUFGCTRL: 1 instance 

INFO: [Common 17-83] Releasing license: Synthesis
69 Infos, 34 Warnings, 0 Critical Warnings and 0 Errors encountered.
synth_design completed successfully
synth_design: Time (s): cpu = 00:03:50 ; elapsed = 00:04:25 . Memory (MB): peak = 1248.082 ; gain = 938.387
Netlist sorting complete. Time (s): cpu = 00:00:00 ; elapsed = 00:00:00.006 . Memory (MB): peak = 1248.082 ; gain = 0.000
WARNING: [Constraints 18-5210] No constraints selected for write.
Resolution: This message can indicate that there are no constraints for the design, or it can indicate that the used_in flags are set such that the constraints are ignored. This later case is used when running synth_design to not write synthesis constraints to the resulting checkpoint. Instead, project constraints are read when the synthesized design is opened.
[libprotobuf ERROR C:\w10\HEAD\src\ext\protobuf\build\lnx64\protobuf-3.7.1\src\google\protobuf\wire_format_lite.cc:611] String field 'HDMetricDBGroup.MetricMapEntry.value' contains invalid UTF-8 data when serializing a protocol buffer. Use the 'bytes' type if you intend to send raw bytes. 
[libprotobuf ERROR C:\w10\HEAD\src\ext\protobuf\build\lnx64\protobuf-3.7.1\src\google\protobuf\wire_format_lite.cc:611] String field 'HDMetricDBGroup.MetricMapEntry.value' contains invalid UTF-8 data when serializing a protocol buffer. Use the 'bytes' type if you intend to send raw bytes. 
INFO: [Common 17-1381] The checkpoint 'E:/vivado/vivado-project/pro8/pro8.runs/synth_1/pipeline_cpu_display.dcp' has been generated.
INFO: [runtcl-4] Executing : report_utilization -file pipeline_cpu_display_utilization_synth.rpt -pb pipeline_cpu_display_utilization_synth.pb
INFO: [Common 17-206] Exiting Vivado at Thu Jul  2 15:42:08 2026...
