Vivado Simulator 2019.2
Copyright 1986-1999, 2001-2019 Xilinx, Inc. All Rights Reserved.
Running: E:/vivado/Xilinx/Vivado/2019.2/bin/unwrapped/win64.o/xelab.exe -wto 802eff39e1e646dba2fb4463b2cf4148 --incr --debug typical --relax --mt 2 -L xil_defaultlib -L unisims_ver -L unimacro_ver -L secureip --snapshot tb_behav xil_defaultlib.tb xil_defaultlib.glbl -log elaborate.log 
Using 2 slave threads.
Starting static elaboration
Pass Through NonSizing Optimizer
Completed static elaboration
Starting simulation data flow analysis
Completed simulation data flow analysis
Time Resolution for simulation is 1ps
Compiling module xil_defaultlib.fetch
Compiling module xil_defaultlib.decode
Compiling module xil_defaultlib.adder
Compiling module xil_defaultlib.alu
Compiling module xil_defaultlib.exe
Compiling module xil_defaultlib.mem
Compiling module xil_defaultlib.wb
Compiling module xil_defaultlib.inst_rom
Compiling module xil_defaultlib.regfile
Compiling module xil_defaultlib.data_ram_sync
Compiling module xil_defaultlib.multi_cycle_cpu
Compiling module xil_defaultlib.tb
Compiling module xil_defaultlib.glbl
Built simulation snapshot tb_behav
